<?xml version="1.0" encoding="UTF-8" ?>
<testsuite errors="0" failures="0" hostname="Matss-MacBook-Air.local" name="cucumber.RunTests" tests="45" time="0.373" timestamp="2015-03-05T00:28:54">
  <properties>
[...]
</properties>
  <testcase classname="| Nokia | fileservlet | tablesample.xml | class2.css | class2 |" name="Given a user has a &apos;Nokia&apos; device" time="0.005" />
  <testcase classname="| Nokia | fileservlet | tablesample.xml | class2.css | class2 |" name="When accessing the &apos;fileservlet&apos;" time="0.001" />
  <testcase classname="| Nokia | fileservlet | tablesample.xml | class2.css | class2 |" name="And using the filename &apos;tablesample.xml&apos;" time="0.0" />
  <testcase classname="| Nokia | fileservlet | tablesample.xml | class2.css | class2 |" name="Then the content returned should be styled by &apos;class2.css&apos;" time="0.001" />
  <testcase classname="| Nokia | fileservlet | tablesample.xml | class2.css | class2 |" name="And transformed by &apos;class2&apos;" time="0.0" />
  <testcase classname="junit.framework.TestSuite" name="| Nokia | fileservlet | tablesample.xml | class2.css | class2 |" time="0.002" />
  <testcase classname="| SonyEricsson | fileservlet | tablesample.xml | class3.css | class3 |" name="Given a user has a &apos;SonyEricsson&apos; device" time="0.0" />
  <testcase classname="| SonyEricsson | fileservlet | tablesample.xml | class3.css | class3 |" name="When accessing the &apos;fileservlet&apos;" time="0.0" />
  <testcase classname="| SonyEricsson | fileservlet | tablesample.xml | class3.css | class3 |" name="And using the filename &apos;tablesample.xml&apos;" time="0.0" />
  <testcase classname="| SonyEricsson | fileservlet | tablesample.xml | class3.css | class3 |" name="Then the content returned should be styled by &apos;class3.css&apos;" time="0.0" />
  <testcase classname="| SonyEricsson | fileservlet | tablesample.xml | class3.css | class3 |" name="And transformed by &apos;class3&apos;" time="0.0" />
  <testcase classname="junit.framework.TestSuite" name="| SonyEricsson | fileservlet | tablesample.xml | class3.css | class3 |" time="0.0" />
  <testcase classname="| default | fileservlet | tablesample.xml | class1.css | class1 |" name="Given a user has a &apos;default&apos; device" time="0.0" />
  <testcase classname="| default | fileservlet | tablesample.xml | class1.css | class1 |" name="When accessing the &apos;fileservlet&apos;" time="0.0" />
  <testcase classname="| default | fileservlet | tablesample.xml | class1.css | class1 |" name="And using the filename &apos;tablesample.xml&apos;" time="0.001" />
  <testcase classname="| default | fileservlet | tablesample.xml | class1.css | class1 |" name="Then the content returned should be styled by &apos;class1.css&apos;" time="0.0" />
  <testcase classname="| default | fileservlet | tablesample.xml | class1.css | class1 |" name="And transformed by &apos;class1&apos;" time="0.0" />
  <testcase classname="junit.framework.TestSuite" name="| default | fileservlet | tablesample.xml | class1.css | class1 |" time="0.001" />
  <testcase classname="junit.framework.TestSuite" name="|  | fileservlet | tablesample.xml | class1.css | class1 |" time="0.001" />
  <testcase classname="| xxxxxxx | fileservlet | tablesample.xml | class1.css | class1 |" name="Given a user has a &apos;xxxxxxx&apos; device" time="0.0" />
  <testcase classname="| xxxxxxx | fileservlet | tablesample.xml | class1.css | class1 |" name="When accessing the &apos;fileservlet&apos;" time="0.0" />
  <testcase classname="| xxxxxxx | fileservlet | tablesample.xml | class1.css | class1 |" name="And using the filename &apos;tablesample.xml&apos;" time="0.0" />
  <testcase classname="| xxxxxxx | fileservlet | tablesample.xml | class1.css | class1 |" name="Then the content returned should be styled by &apos;class1.css&apos;" time="0.0" />
  <testcase classname="| xxxxxxx | fileservlet | tablesample.xml | class1.css | class1 |" name="And transformed by &apos;class1&apos;" time="0.0" />
  <testcase classname="junit.framework.TestSuite" name="| xxxxxxx | fileservlet | tablesample.xml | class1.css | class1 |" time="0.0" />
  <system-out><![CDATA[Feature: Depositing money in to a User account

  Scenario Outline: Accessing server pages with different devices should returned properly formatted content [90m# src/test/resources/cucumber/servercalls.feature:13[0m
    [32mGiven [0m[32ma user has a '[0m[32m[1mNokia[0m[32m' device[0m                                                                        [90m# ServerCallsStepDefinitions.a_user_has_a_device(String)[0m
    [32mWhen [0m[32maccessing the '[0m[32m[1mfileservlet[0m[32m'[0m                                                                         [90m# ServerCallsStepDefinitions.accessing_the_fileservlet(String)[0m
    [32mAnd [0m[32musing the filename '[0m[32m[1mtablesample.xml[0m[32m'[0m                                                                 [90m# ServerCallsStepDefinitions.using_the_filename_tablesample_xml(String)[0m
    [32mThen [0m[32mthe content returned should be styled by '[0m[32m[1mclass2.css[0m[32m'[0m                                               [90m# ServerCallsStepDefinitions.the_content_returned_should_be_styled_by_class_(String)[0m
    [32mAnd [0m[32mtransformed by '[0m[32m[1mclass2[0m[32m'[0m                                                                              [90m# ServerCallsStepDefinitions.transformed_by_class_(String)[0m

  Scenario Outline: Accessing server pages with different devices should returned properly formatted content [90m# src/test/resources/cucumber/servercalls.feature:14[0m
    [32mGiven [0m[32ma user has a '[0m[32m[1mSonyEricsson[0m[32m' device[0m                                                                 [90m# ServerCallsStepDefinitions.a_user_has_a_device(String)[0m
    [32mWhen [0m[32maccessing the '[0m[32m[1mfileservlet[0m[32m'[0m                                                                         [90m# ServerCallsStepDefinitions.accessing_the_fileservlet(String)[0m
    [32mAnd [0m[32musing the filename '[0m[32m[1mtablesample.xml[0m[32m'[0m                                                                 [90m# ServerCallsStepDefinitions.using_the_filename_tablesample_xml(String)[0m
    [32mThen [0m[32mthe content returned should be styled by '[0m[32m[1mclass3.css[0m[32m'[0m                                               [90m# ServerCallsStepDefinitions.the_content_returned_should_be_styled_by_class_(String)[0m
    [32mAnd [0m[32mtransformed by '[0m[32m[1mclass3[0m[32m'[0m                                                                              [90m# ServerCallsStepDefinitions.transformed_by_class_(String)[0m

  Scenario Outline: Accessing server pages with different devices should returned properly formatted content [90m# src/test/resources/cucumber/servercalls.feature:15[0m
    [32mGiven [0m[32ma user has a '[0m[32m[1mdefault[0m[32m' device[0m                                                                      [90m# ServerCallsStepDefinitions.a_user_has_a_device(String)[0m
    [32mWhen [0m[32maccessing the '[0m[32m[1mfileservlet[0m[32m'[0m                                                                         [90m# ServerCallsStepDefinitions.accessing_the_fileservlet(String)[0m
    [32mAnd [0m[32musing the filename '[0m[32m[1mtablesample.xml[0m[32m'[0m                                                                 [90m# ServerCallsStepDefinitions.using_the_filename_tablesample_xml(String)[0m
    [32mThen [0m[32mthe content returned should be styled by '[0m[32m[1mclass1.css[0m[32m'[0m                                               [90m# ServerCallsStepDefinitions.the_content_returned_should_be_styled_by_class_(String)[0m
    [32mAnd [0m[32mtransformed by '[0m[32m[1mclass1[0m[32m'[0m                                                                              [90m# ServerCallsStepDefinitions.transformed_by_class_(String)[0m

  Scenario Outline: Accessing server pages with different devices should returned properly formatted content [90m# src/test/resources/cucumber/servercalls.feature:16[0m
    [33mGiven [0m[33ma user has a '' device[0m
    [36mWhen [0m[36maccessing the '[0m[36m[1mfileservlet[0m[36m'[0m                                                                         [90m# ServerCallsStepDefinitions.accessing_the_fileservlet(String)[0m
    [36mAnd [0m[36musing the filename '[0m[36m[1mtablesample.xml[0m[36m'[0m                                                                 [90m# ServerCallsStepDefinitions.using_the_filename_tablesample_xml(String)[0m
    [36mThen [0m[36mthe content returned should be styled by '[0m[36m[1mclass1.css[0m[36m'[0m                                               [90m# ServerCallsStepDefinitions.the_content_returned_should_be_styled_by_class_(String)[0m
    [36mAnd [0m[36mtransformed by '[0m[36m[1mclass1[0m[36m'[0m                                                                              [90m# ServerCallsStepDefinitions.transformed_by_class_(String)[0m

  Scenario Outline: Accessing server pages with different devices should returned properly formatted content [90m# src/test/resources/cucumber/servercalls.feature:17[0m
    [32mGiven [0m[32ma user has a '[0m[32m[1mxxxxxxx[0m[32m' device[0m                                                                      [90m# ServerCallsStepDefinitions.a_user_has_a_device(String)[0m
    [32mWhen [0m[32maccessing the '[0m[32m[1mfileservlet[0m[32m'[0m                                                                         [90m# ServerCallsStepDefinitions.accessing_the_fileservlet(String)[0m
    [32mAnd [0m[32musing the filename '[0m[32m[1mtablesample.xml[0m[32m'[0m                                                                 [90m# ServerCallsStepDefinitions.using_the_filename_tablesample_xml(String)[0m
    [32mThen [0m[32mthe content returned should be styled by '[0m[32m[1mclass1.css[0m[32m'[0m                                               [90m# ServerCallsStepDefinitions.the_content_returned_should_be_styled_by_class_(String)[0m
    [32mAnd [0m[32mtransformed by '[0m[32m[1mclass1[0m[32m'[0m                                                                              [90m# ServerCallsStepDefinitions.transformed_by_class_(String)[0m

5 Scenarios ([33m1 undefined[0m, [32m4 passed[0m)
25 Steps ([36m4 skipped[0m, [33m1 undefined[0m, [32m20 passed[0m)
0m0.247s


You can implement missing steps with the snippets below:

@Given("^a user has a '' device$")
public void a_user_has_a_device() throws Throwable {
    // Express the Regexp above with the code you wish you had
    throw new PendingException();
}

]]></system-out>
  <system-err><![CDATA[Mar 04, 2015 7:28:54 PM cucumber.ServerCallsStepDefinitions a_user_has_a_device
INFO: Device = Nokia
Mar 04, 2015 7:28:54 PM cucumber.ServerCallsStepDefinitions accessing_the_fileservlet
INFO: Page = fileservlet
Mar 04, 2015 7:28:54 PM cucumber.ServerCallsStepDefinitions using_the_filename_tablesample_xml
INFO: Filename = tablesample.xml
Mar 04, 2015 7:28:54 PM cucumber.ServerCallsStepDefinitions the_content_returned_should_be_styled_by_class_
INFO: To compare with cssclass = class2.css
Mar 04, 2015 7:28:54 PM cucumber.ServerCallsStepDefinitions the_content_returned_should_be_styled_by_class_
INFO: The resulting test uses the user-agent string Nokia to access :http://localhost:8080/restclient-1.0.0/fileservlet?filename=tablesample.xml
Mar 04, 2015 7:28:55 PM cucumber.ServerCallsStepDefinitions transformed_by_class_
INFO: To compare with cssclass = class2
Mar 04, 2015 7:28:55 PM cucumber.ServerCallsStepDefinitions transformed_by_class_
INFO: The resulting test uses the user-agent string Nokia to access :http://localhost:8080/restclient-1.0.0/fileservlet?filename=tablesample.xml
Mar 04, 2015 7:28:55 PM cucumber.ServerCallsStepDefinitions a_user_has_a_device
INFO: Device = SonyEricsson
Mar 04, 2015 7:28:55 PM cucumber.ServerCallsStepDefinitions accessing_the_fileservlet
INFO: Page = fileservlet
Mar 04, 2015 7:28:55 PM cucumber.ServerCallsStepDefinitions using_the_filename_tablesample_xml
INFO: Filename = tablesample.xml
Mar 04, 2015 7:28:55 PM cucumber.ServerCallsStepDefinitions the_content_returned_should_be_styled_by_class_
INFO: To compare with cssclass = class3.css
Mar 04, 2015 7:28:55 PM cucumber.ServerCallsStepDefinitions the_content_returned_should_be_styled_by_class_
INFO: The resulting test uses the user-agent string SonyEricsson to access :http://localhost:8080/restclient-1.0.0/fileservlet?filename=tablesample.xml
Mar 04, 2015 7:28:55 PM cucumber.ServerCallsStepDefinitions transformed_by_class_
INFO: To compare with cssclass = class3
Mar 04, 2015 7:28:55 PM cucumber.ServerCallsStepDefinitions transformed_by_class_
INFO: The resulting test uses the user-agent string SonyEricsson to access :http://localhost:8080/restclient-1.0.0/fileservlet?filename=tablesample.xml
Mar 04, 2015 7:28:55 PM cucumber.ServerCallsStepDefinitions a_user_has_a_device
INFO: Device = default
Mar 04, 2015 7:28:55 PM cucumber.ServerCallsStepDefinitions accessing_the_fileservlet
INFO: Page = fileservlet
Mar 04, 2015 7:28:55 PM cucumber.ServerCallsStepDefinitions using_the_filename_tablesample_xml
INFO: Filename = tablesample.xml
Mar 04, 2015 7:28:55 PM cucumber.ServerCallsStepDefinitions the_content_returned_should_be_styled_by_class_
INFO: To compare with cssclass = class1.css
Mar 04, 2015 7:28:55 PM cucumber.ServerCallsStepDefinitions the_content_returned_should_be_styled_by_class_
INFO: The resulting test uses the user-agent string default to access :http://localhost:8080/restclient-1.0.0/fileservlet?filename=tablesample.xml
Mar 04, 2015 7:28:55 PM cucumber.ServerCallsStepDefinitions transformed_by_class_
INFO: To compare with cssclass = class1
Mar 04, 2015 7:28:55 PM cucumber.ServerCallsStepDefinitions transformed_by_class_
INFO: The resulting test uses the user-agent string default to access :http://localhost:8080/restclient-1.0.0/fileservlet?filename=tablesample.xml
Mar 04, 2015 7:28:55 PM cucumber.ServerCallsStepDefinitions a_user_has_a_device
INFO: Device = xxxxxxx
Mar 04, 2015 7:28:55 PM cucumber.ServerCallsStepDefinitions accessing_the_fileservlet
INFO: Page = fileservlet
Mar 04, 2015 7:28:55 PM cucumber.ServerCallsStepDefinitions using_the_filename_tablesample_xml
INFO: Filename = tablesample.xml
Mar 04, 2015 7:28:55 PM cucumber.ServerCallsStepDefinitions the_content_returned_should_be_styled_by_class_
INFO: To compare with cssclass = class1.css
Mar 04, 2015 7:28:55 PM cucumber.ServerCallsStepDefinitions the_content_returned_should_be_styled_by_class_
INFO: The resulting test uses the user-agent string xxxxxxx to access :http://localhost:8080/restclient-1.0.0/fileservlet?filename=tablesample.xml
Mar 04, 2015 7:28:55 PM cucumber.ServerCallsStepDefinitions transformed_by_class_
INFO: To compare with cssclass = class1
Mar 04, 2015 7:28:55 PM cucumber.ServerCallsStepDefinitions transformed_by_class_
INFO: The resulting test uses the user-agent string xxxxxxx to access :http://localhost:8080/restclient-1.0.0/fileservlet?filename=tablesample.xml
]]></system-err>
</testsuite>
